<?xml version="1.0" encoding="UTF-8"?>
<!-- Generated by org.testng.reporters.JUnitXMLReporter -->
<testsuite hostname="prakashs-MacBook-Air.local" ignored="0" name="Free CRM App Test Cases" tests="12" failures="0" timestamp="12 Jul 2018 22:15:27 GMT" time="73.632" errors="0">
  <testcase name="loginPageTitleTest" time="0.074" classname="com.crm.qa.LoginPageTest"/>
  <testcase name="verifyHomePageTitleTest" time="0.011" classname="com.crm.qa.HomePageTest"/>
  <testcase name="verifyContacsPageLabelTest" time="0.062" classname="com.crm.qa.ContactsPageTest"/>
  <testcase name="crmLogoImageTest" time="0.079" classname="com.crm.qa.LoginPageTest"/>
  <testcase name="verifyUserNameTest" time="0.083" classname="com.crm.qa.HomePageTest"/>
  <testcase name="selectContactsByNameTest" time="0.098" classname="com.crm.qa.ContactsPageTest"/>
  <testcase name="loginTest" time="2.347" classname="com.crm.qa.LoginPageTest"/>
  <testcase name="verifyContactsLinkTest" time="0.674" classname="com.crm.qa.HomePageTest"/>
  <testcase name="selectMultipleContactsByNameTest" time="0.203" classname="com.crm.qa.ContactsPageTest"/>
  <testcase name="validateCreateNewContact" time="2.463" classname="com.crm.qa.ContactsPageTest"/>
  <testcase name="validateCreateNewContact" time="2.28" classname="com.crm.qa.ContactsPageTest"/>
  <testcase name="validateCreateNewContact" time="2.271" classname="com.crm.qa.ContactsPageTest"/>
</testsuite> <!-- Free CRM App Test Cases -->
